[2025-05-16 00:15:17] format
[2025-05-16 00:20:20] format
[2025-05-16 00:22:18] exit
[2025-05-16 00:22:49] format
[2025-05-16 00:23:03] exit
[2025-05-16 00:26:16] format
[2025-05-16 00:28:24] ls
[2025-05-16 00:28:32] create('deneme')
[2025-05-16 00:28:35] ls
[2025-05-16 00:29:14] write('deneme')
[2025-05-16 00:30:38] exit
[2025-05-16 00:31:39] format
[2025-05-16 00:31:46] ls
[2025-05-16 00:31:54] create('deneme')
[2025-05-16 00:32:03] write('deneme')
[2025-05-16 00:32:24] ls
[2025-05-16 00:32:42] read('deneme')
[2025-05-16 00:33:00] size('deneme')
[2025-05-16 00:33:53] read('deneme')
[2025-05-16 00:34:06] read('deneme')
[2025-05-16 00:34:16] delete('deneme')
[2025-05-16 00:34:21] ls
[2025-05-16 00:34:27] create('deneme')
[2025-05-16 00:34:34] write('deneme')
[2025-05-16 00:35:08] create('anlamadým')
[2025-05-16 00:35:30] write('anlamadým')
[2025-05-16 00:39:27] exit
[2025-05-16 00:39:33] format
[2025-05-16 00:40:08] exit
[2025-05-16 00:43:19] format
[2025-05-16 00:43:26] exit
[2025-05-16 00:46:09] format
[2025-05-16 00:46:15] ls
[2025-05-16 00:46:20] create('deneme')
[2025-05-16 00:46:43] write('deneme')
[2025-05-16 00:47:06] read('deneme')
[2025-05-16 00:49:25] rename('deneme')
[2025-05-16 00:49:27] ls
[2025-05-16 00:49:34] format
[2025-05-16 00:49:41] ls
[2025-05-16 00:50:07] create('hasan')
[2025-05-16 00:50:21] write('hasan')
[2025-05-16 00:50:32] read('hasan')
[2025-05-16 00:51:51] size('hasan')
[2025-05-16 00:52:00] exists('hasan')
[2025-05-16 00:52:26] append('hasan')
[2025-05-16 00:52:35] size('hasan')
[2025-05-16 00:53:14] exit
[2025-05-16 01:31:06] format
[2025-05-16 01:31:17] create('hasan')
[2025-05-16 01:31:21] ls
[2025-05-16 01:31:30] exit
[2025-05-16 01:34:14] ls
[2025-05-16 01:34:21] create('yusuf')
[2025-05-16 01:34:24] exit
[2025-05-16 01:34:29] ls
[2025-05-16 01:34:46] write('hasan')
[2025-05-16 01:35:01] read('hasan')
[2025-05-16 01:35:59] write('yusuf')
[2025-05-16 01:36:09] diff('hasan')
[2025-05-16 01:36:32] check_integrity
[2025-05-16 01:36:46] truncate('hasan')
[2025-05-16 01:36:57] size('hasan')
[2025-05-16 01:37:05] read('hasan')
[2025-05-16 01:37:16] read('hasan')
[2025-05-16 01:37:22] exit
[2025-05-16 01:41:07] ls
[2025-05-16 01:41:27] exit
[2025-05-16 01:42:57] ls
[2025-05-16 01:42:58] ls
[2025-05-16 01:45:16] exit
[2025-05-16 01:47:20] ls
[2025-05-16 01:47:22] ls
[2025-05-16 01:47:33] exit
[2025-05-16 01:47:38] ls
[2025-05-16 01:48:28] exit
[2025-05-16 01:48:34] ls
[2025-05-16 01:48:36] ls
[2025-05-16 01:48:40] exit
[2025-05-16 01:49:03] exit
[2025-05-16 01:49:07] ls
[2025-05-16 01:49:09] exit
[2025-05-16 01:51:38] ls
[2025-05-16 01:51:46] ls
[2025-05-16 01:52:29] exit
[2025-05-16 01:53:28] ls
[2025-05-16 01:56:33] cat('hasan')
[2025-05-16 01:56:50] cat('yusuf')
[2025-05-16 01:57:02] exit
[2025-05-21 18:02:11] ls
[2025-05-21 18:02:33] exit
[2025-05-21 18:02:40] ls
[2025-05-21 18:04:58] copy('hasan')
[2025-05-21 18:05:06] ls
[2025-05-21 18:05:26] read('kopyaDosya')
[2025-05-21 18:07:12] exit
[2025-05-21 18:09:28] move('yusuf')
[2025-05-21 18:09:40] ls
[2025-05-21 18:09:56] read('MoveDosya')
[2025-05-21 18:10:22] backup('MoveDosya')
[2025-05-21 18:10:52] restore('MoveDosya')
[2025-05-21 18:11:18] diff('MoveDosya')
[2025-05-21 18:12:59] cat('kopyaDosya')
[2025-05-21 18:13:13] cat('MoveDosya')
[2025-05-21 18:16:05] exit
[2025-05-21 18:17:24] exit
[2025-05-21 18:49:04] ls
[2025-05-21 18:49:39] read('hasan')
[2025-05-21 18:52:28] exit
[2025-05-21 18:53:06] read('hasan')
[2025-05-21 18:56:37] exit
[2025-05-21 18:56:58] read('hasan')
[2025-05-21 18:58:20] exit
[2025-05-21 19:02:23] ls
[2025-05-21 19:02:35] read('kopyaDosya')
[2025-05-21 19:02:57] delete('hasan')
[2025-05-21 19:03:03] create('hasan')
[2025-05-21 19:03:37] write('hasan')
[2025-05-21 19:03:47] read('hasan')
[2025-05-21 19:04:43] diff('hasan')
[2025-05-21 19:05:01] size('MoveDosya')
[2025-05-25 02:44:57] exit
